[2024-01-27T15:59:17.132+0000] {taskinstance.py:1165} INFO - Dependencies all met for <TaskInstance: user_processing_dag.create_table manual__2024-01-27T15:59:16.129820+00:00 [queued]>
[2024-01-27T15:59:17.139+0000] {taskinstance.py:1165} INFO - Dependencies all met for <TaskInstance: user_processing_dag.create_table manual__2024-01-27T15:59:16.129820+00:00 [queued]>
[2024-01-27T15:59:17.140+0000] {taskinstance.py:1362} INFO - 
--------------------------------------------------------------------------------
[2024-01-27T15:59:17.141+0000] {taskinstance.py:1363} INFO - Starting attempt 1 of 1
[2024-01-27T15:59:17.143+0000] {taskinstance.py:1364} INFO - 
--------------------------------------------------------------------------------
[2024-01-27T15:59:17.152+0000] {taskinstance.py:1383} INFO - Executing <Task(PostgresOperator): create_table> on 2024-01-27 15:59:16.129820+00:00
[2024-01-27T15:59:17.159+0000] {standard_task_runner.py:55} INFO - Started process 6157 to run task
[2024-01-27T15:59:17.163+0000] {standard_task_runner.py:82} INFO - Running: ['***', 'tasks', 'run', 'user_processing_dag', 'create_table', 'manual__2024-01-27T15:59:16.129820+00:00', '--job-id', '20', '--raw', '--subdir', 'DAGS_FOLDER/user_processing_dag.py', '--cfg-path', '/tmp/tmpayukzeln']
[2024-01-27T15:59:17.166+0000] {standard_task_runner.py:83} INFO - Job 20: Subtask create_table
[2024-01-27T15:59:17.223+0000] {task_command.py:376} INFO - Running <TaskInstance: user_processing_dag.create_table manual__2024-01-27T15:59:16.129820+00:00 [running]> on host 0c5b25b371b7
[2024-01-27T15:59:17.274+0000] {taskinstance.py:1592} INFO - Exporting the following env vars:
AIRFLOW_CTX_DAG_OWNER=***
AIRFLOW_CTX_DAG_ID=user_processing_dag
AIRFLOW_CTX_TASK_ID=create_table
AIRFLOW_CTX_EXECUTION_DATE=2024-01-27T15:59:16.129820+00:00
AIRFLOW_CTX_TRY_NUMBER=1
AIRFLOW_CTX_DAG_RUN_ID=manual__2024-01-27T15:59:16.129820+00:00
[2024-01-27T15:59:17.283+0000] {base.py:71} INFO - Using connection ID 'postgres' for task execution.
[2024-01-27T15:59:17.287+0000] {sql.py:315} INFO - Running statement: 
        CREATE TABLE IF NOT EXISTS users(
            firstname TEXT NOT NULL,
            lastname TEXT NOT NULL,
            countryname TEXT NOT NULL,
            username TEXT NOT NULL,
            password TEXT NOT NULL,
            email TEXT NOT NULL

        );
    , parameters: None
[2024-01-27T15:59:17.290+0000] {postgres.py:96} INFO - NOTICE:  relation "users" already exists, skipping

[2024-01-27T15:59:17.299+0000] {taskinstance.py:1406} INFO - Marking task as SUCCESS. dag_id=user_processing_dag, task_id=create_table, execution_date=20240127T155916, start_date=20240127T155917, end_date=20240127T155917
[2024-01-27T15:59:17.340+0000] {local_task_job.py:164} INFO - Task exited with return code 0
[2024-01-27T15:59:17.362+0000] {local_task_job.py:273} INFO - 1 downstream tasks scheduled from follow-on schedule check
