[2024-01-27T17:58:47.832+0000] {taskinstance.py:1165} INFO - Dependencies all met for <TaskInstance: user_processing_dag.process_user manual__2024-01-27T17:58:41.123558+00:00 [queued]>
[2024-01-27T17:58:47.841+0000] {taskinstance.py:1165} INFO - Dependencies all met for <TaskInstance: user_processing_dag.process_user manual__2024-01-27T17:58:41.123558+00:00 [queued]>
[2024-01-27T17:58:47.843+0000] {taskinstance.py:1362} INFO - 
--------------------------------------------------------------------------------
[2024-01-27T17:58:47.844+0000] {taskinstance.py:1363} INFO - Starting attempt 1 of 1
[2024-01-27T17:58:47.845+0000] {taskinstance.py:1364} INFO - 
--------------------------------------------------------------------------------
[2024-01-27T17:58:47.855+0000] {taskinstance.py:1383} INFO - Executing <Task(PythonOperator): process_user> on 2024-01-27 17:58:41.123558+00:00
[2024-01-27T17:58:47.860+0000] {standard_task_runner.py:55} INFO - Started process 7898 to run task
[2024-01-27T17:58:47.863+0000] {standard_task_runner.py:82} INFO - Running: ['***', 'tasks', 'run', 'user_processing_dag', 'process_user', 'manual__2024-01-27T17:58:41.123558+00:00', '--job-id', '39', '--raw', '--subdir', 'DAGS_FOLDER/user_processing_dag.py', '--cfg-path', '/tmp/tmpzl1a5h0r']
[2024-01-27T17:58:47.866+0000] {standard_task_runner.py:83} INFO - Job 39: Subtask process_user
[2024-01-27T17:58:47.921+0000] {task_command.py:376} INFO - Running <TaskInstance: user_processing_dag.process_user manual__2024-01-27T17:58:41.123558+00:00 [running]> on host 0c5b25b371b7
[2024-01-27T17:58:47.974+0000] {taskinstance.py:1592} INFO - Exporting the following env vars:
AIRFLOW_CTX_DAG_OWNER=***
AIRFLOW_CTX_DAG_ID=user_processing_dag
AIRFLOW_CTX_TASK_ID=process_user
AIRFLOW_CTX_EXECUTION_DATE=2024-01-27T17:58:41.123558+00:00
AIRFLOW_CTX_TRY_NUMBER=1
AIRFLOW_CTX_DAG_RUN_ID=manual__2024-01-27T17:58:41.123558+00:00
[2024-01-27T17:58:47.995+0000] {python.py:177} INFO - Done. Returned value was: None
[2024-01-27T17:58:48.003+0000] {taskinstance.py:1406} INFO - Marking task as SUCCESS. dag_id=user_processing_dag, task_id=process_user, execution_date=20240127T175841, start_date=20240127T175847, end_date=20240127T175848
[2024-01-27T17:58:48.038+0000] {local_task_job.py:164} INFO - Task exited with return code 0
[2024-01-27T17:58:48.057+0000] {local_task_job.py:273} INFO - 1 downstream tasks scheduled from follow-on schedule check
