[2024-01-27T15:45:01.830+0000] {taskinstance.py:1165} INFO - Dependencies all met for <TaskInstance: user_processing_dag.create_table manual__2024-01-27T15:44:59.931765+00:00 [queued]>
[2024-01-27T15:45:01.842+0000] {taskinstance.py:1165} INFO - Dependencies all met for <TaskInstance: user_processing_dag.create_table manual__2024-01-27T15:44:59.931765+00:00 [queued]>
[2024-01-27T15:45:01.844+0000] {taskinstance.py:1362} INFO - 
--------------------------------------------------------------------------------
[2024-01-27T15:45:01.846+0000] {taskinstance.py:1363} INFO - Starting attempt 1 of 1
[2024-01-27T15:45:01.848+0000] {taskinstance.py:1364} INFO - 
--------------------------------------------------------------------------------
[2024-01-27T15:45:01.863+0000] {taskinstance.py:1383} INFO - Executing <Task(PostgresOperator): create_table> on 2024-01-27 15:44:59.931765+00:00
[2024-01-27T15:45:01.871+0000] {standard_task_runner.py:55} INFO - Started process 5445 to run task
[2024-01-27T15:45:01.876+0000] {standard_task_runner.py:82} INFO - Running: ['***', 'tasks', 'run', 'user_processing_dag', 'create_table', 'manual__2024-01-27T15:44:59.931765+00:00', '--job-id', '17', '--raw', '--subdir', 'DAGS_FOLDER/user_processing_dag.py', '--cfg-path', '/tmp/tmp52yuq983']
[2024-01-27T15:45:01.880+0000] {standard_task_runner.py:83} INFO - Job 17: Subtask create_table
[2024-01-27T15:45:01.991+0000] {task_command.py:376} INFO - Running <TaskInstance: user_processing_dag.create_table manual__2024-01-27T15:44:59.931765+00:00 [running]> on host 0c5b25b371b7
[2024-01-27T15:45:02.087+0000] {taskinstance.py:1592} INFO - Exporting the following env vars:
AIRFLOW_CTX_DAG_OWNER=***
AIRFLOW_CTX_DAG_ID=user_processing_dag
AIRFLOW_CTX_TASK_ID=create_table
AIRFLOW_CTX_EXECUTION_DATE=2024-01-27T15:44:59.931765+00:00
AIRFLOW_CTX_TRY_NUMBER=1
AIRFLOW_CTX_DAG_RUN_ID=manual__2024-01-27T15:44:59.931765+00:00
[2024-01-27T15:45:02.107+0000] {base.py:71} INFO - Using connection ID 'postgres' for task execution.
[2024-01-27T15:45:02.116+0000] {sql.py:315} INFO - Running statement: 
        CREATE TABLE IF NOT EXISTS users(
            firstname TEXT NOT NULL,
            lastname TEXT NOT NULL,
            countryname TEXT NOT NULL,
            username TEXT NOT NULL,
            password TEXT NOT NULL,
            email TEXT NOT NULL

        );
    , parameters: None
[2024-01-27T15:45:02.120+0000] {postgres.py:96} INFO - NOTICE:  relation "users" already exists, skipping

[2024-01-27T15:45:02.129+0000] {taskinstance.py:1406} INFO - Marking task as SUCCESS. dag_id=user_processing_dag, task_id=create_table, execution_date=20240127T154459, start_date=20240127T154501, end_date=20240127T154502
[2024-01-27T15:45:02.175+0000] {local_task_job.py:164} INFO - Task exited with return code 0
[2024-01-27T15:45:02.205+0000] {local_task_job.py:273} INFO - 0 downstream tasks scheduled from follow-on schedule check
