[2024-01-27T15:08:42.588+0000] {taskinstance.py:1165} INFO - Dependencies all met for <TaskInstance: user_processing_dag.extract_user manual__2024-01-27T15:08:41.371357+00:00 [queued]>
[2024-01-27T15:08:42.596+0000] {taskinstance.py:1165} INFO - Dependencies all met for <TaskInstance: user_processing_dag.extract_user manual__2024-01-27T15:08:41.371357+00:00 [queued]>
[2024-01-27T15:08:42.597+0000] {taskinstance.py:1362} INFO - 
--------------------------------------------------------------------------------
[2024-01-27T15:08:42.598+0000] {taskinstance.py:1363} INFO - Starting attempt 1 of 1
[2024-01-27T15:08:42.599+0000] {taskinstance.py:1364} INFO - 
--------------------------------------------------------------------------------
[2024-01-27T15:08:42.609+0000] {taskinstance.py:1383} INFO - Executing <Task(SimpleHttpOperator): extract_user> on 2024-01-27 15:08:41.371357+00:00
[2024-01-27T15:08:42.617+0000] {standard_task_runner.py:55} INFO - Started process 3662 to run task
[2024-01-27T15:08:42.623+0000] {standard_task_runner.py:82} INFO - Running: ['***', 'tasks', 'run', 'user_processing_dag', 'extract_user', 'manual__2024-01-27T15:08:41.371357+00:00', '--job-id', '14', '--raw', '--subdir', 'DAGS_FOLDER/user_processing_dag.py', '--cfg-path', '/tmp/tmpbshv4c13']
[2024-01-27T15:08:42.625+0000] {standard_task_runner.py:83} INFO - Job 14: Subtask extract_user
[2024-01-27T15:08:42.689+0000] {task_command.py:376} INFO - Running <TaskInstance: user_processing_dag.extract_user manual__2024-01-27T15:08:41.371357+00:00 [running]> on host 0c5b25b371b7
[2024-01-27T15:08:42.764+0000] {taskinstance.py:1592} INFO - Exporting the following env vars:
AIRFLOW_CTX_DAG_OWNER=***
AIRFLOW_CTX_DAG_ID=user_processing_dag
AIRFLOW_CTX_TASK_ID=extract_user
AIRFLOW_CTX_EXECUTION_DATE=2024-01-27T15:08:41.371357+00:00
AIRFLOW_CTX_TRY_NUMBER=1
AIRFLOW_CTX_DAG_RUN_ID=manual__2024-01-27T15:08:41.371357+00:00
[2024-01-27T15:08:42.767+0000] {http.py:121} INFO - Calling HTTP method
[2024-01-27T15:08:42.782+0000] {base.py:71} INFO - Using connection ID 'user_api' for task execution.
[2024-01-27T15:08:42.789+0000] {http.py:148} INFO - Sending 'GET' to url: https://randomuser.me/api/
[2024-01-27T15:08:44.159+0000] {http.py:125} INFO - {"results":[{"gender":"female","name":{"title":"Ms","first":"Laura","last":"Gonzalez"},"location":{"street":{"number":5417,"name":"Rue Abel-Ferry"},"city":"Metz","state":"Jura","country":"France","postcode":28531,"coordinates":{"latitude":"-13.9034","longitude":"91.2289"},"timezone":{"offset":"-10:00","description":"Hawaii"}},"email":"laura.gonzalez@example.com","login":{"uuid":"86f18578-34cd-4d4d-993a-987eaa22dad5","username":"purplemeercat575","password":"carlo","salt":"pUYZtYhM","md5":"6f49d805bba9dbaee3323cb311e14d0b","sha1":"73571b80b90fa723ce7dfbef71cbe30e37579fe6","sha256":"e0b63a88ecff2e6bf26f49de00a176dd36cc5462ae94b17f10a28d74e959bf79"},"dob":{"date":"1971-04-14T22:11:21.805Z","age":52},"registered":{"date":"2020-05-24T10:36:38.066Z","age":3},"phone":"04-11-86-83-67","cell":"06-34-05-08-20","id":{"name":"INSEE","value":"2710300166094 28"},"picture":{"large":"https://randomuser.me/api/portraits/women/61.jpg","medium":"https://randomuser.me/api/portraits/med/women/61.jpg","thumbnail":"https://randomuser.me/api/portraits/thumb/women/61.jpg"},"nat":"FR"}],"info":{"seed":"82f77819f9e2ea2b","results":1,"page":1,"version":"1.4"}}
[2024-01-27T15:08:44.208+0000] {taskinstance.py:1406} INFO - Marking task as SUCCESS. dag_id=user_processing_dag, task_id=extract_user, execution_date=20240127T150841, start_date=20240127T150842, end_date=20240127T150844
[2024-01-27T15:08:44.253+0000] {local_task_job.py:164} INFO - Task exited with return code 0
[2024-01-27T15:08:44.270+0000] {local_task_job.py:273} INFO - 0 downstream tasks scheduled from follow-on schedule check
