[2024-01-27T17:58:45.618+0000] {taskinstance.py:1165} INFO - Dependencies all met for <TaskInstance: user_processing_dag.extract_user manual__2024-01-27T17:58:41.123558+00:00 [queued]>
[2024-01-27T17:58:45.626+0000] {taskinstance.py:1165} INFO - Dependencies all met for <TaskInstance: user_processing_dag.extract_user manual__2024-01-27T17:58:41.123558+00:00 [queued]>
[2024-01-27T17:58:45.627+0000] {taskinstance.py:1362} INFO - 
--------------------------------------------------------------------------------
[2024-01-27T17:58:45.628+0000] {taskinstance.py:1363} INFO - Starting attempt 1 of 1
[2024-01-27T17:58:45.630+0000] {taskinstance.py:1364} INFO - 
--------------------------------------------------------------------------------
[2024-01-27T17:58:45.638+0000] {taskinstance.py:1383} INFO - Executing <Task(SimpleHttpOperator): extract_user> on 2024-01-27 17:58:41.123558+00:00
[2024-01-27T17:58:45.642+0000] {standard_task_runner.py:55} INFO - Started process 7887 to run task
[2024-01-27T17:58:45.645+0000] {standard_task_runner.py:82} INFO - Running: ['***', 'tasks', 'run', 'user_processing_dag', 'extract_user', 'manual__2024-01-27T17:58:41.123558+00:00', '--job-id', '38', '--raw', '--subdir', 'DAGS_FOLDER/user_processing_dag.py', '--cfg-path', '/tmp/tmp2kg0ioh8']
[2024-01-27T17:58:45.647+0000] {standard_task_runner.py:83} INFO - Job 38: Subtask extract_user
[2024-01-27T17:58:45.693+0000] {task_command.py:376} INFO - Running <TaskInstance: user_processing_dag.extract_user manual__2024-01-27T17:58:41.123558+00:00 [running]> on host 0c5b25b371b7
[2024-01-27T17:58:45.737+0000] {taskinstance.py:1592} INFO - Exporting the following env vars:
AIRFLOW_CTX_DAG_OWNER=***
AIRFLOW_CTX_DAG_ID=user_processing_dag
AIRFLOW_CTX_TASK_ID=extract_user
AIRFLOW_CTX_EXECUTION_DATE=2024-01-27T17:58:41.123558+00:00
AIRFLOW_CTX_TRY_NUMBER=1
AIRFLOW_CTX_DAG_RUN_ID=manual__2024-01-27T17:58:41.123558+00:00
[2024-01-27T17:58:45.751+0000] {http.py:121} INFO - Calling HTTP method
[2024-01-27T17:58:45.759+0000] {base.py:71} INFO - Using connection ID 'user_api' for task execution.
[2024-01-27T17:58:45.761+0000] {http.py:148} INFO - Sending 'GET' to url: https://randomuser.me/api/
[2024-01-27T17:58:46.476+0000] {http.py:125} INFO - {"results":[{"gender":"male","name":{"title":"Mr","first":"Mathew","last":"Diaz"},"location":{"street":{"number":63,"name":"Woodland St"},"city":"Bellevue","state":"New Jersey","country":"United States","postcode":67765,"coordinates":{"latitude":"88.5038","longitude":"-56.4855"},"timezone":{"offset":"+7:00","description":"Bangkok, Hanoi, Jakarta"}},"email":"mathew.diaz@example.com","login":{"uuid":"a3d0f19a-da55-4f4b-b531-d5565f153dad","username":"bluebutterfly881","password":"escape","salt":"1Muu7sTS","md5":"88fbc7179820229126485ebb318e4738","sha1":"632ed8b651c8bafcc9294c7dd7a8a179941608ef","sha256":"0ea9c036a919646e41fb9ff7a048343ee6891c771a4e1b27699367fefd7a1367"},"dob":{"date":"1964-06-10T11:35:42.773Z","age":59},"registered":{"date":"2008-10-05T16:01:26.631Z","age":15},"phone":"(490) 428-6814","cell":"(983) 528-4418","id":{"name":"SSN","value":"860-25-7241"},"picture":{"large":"https://randomuser.me/api/portraits/men/43.jpg","medium":"https://randomuser.me/api/portraits/med/men/43.jpg","thumbnail":"https://randomuser.me/api/portraits/thumb/men/43.jpg"},"nat":"US"}],"info":{"seed":"21da8a98463a353a","results":1,"page":1,"version":"1.4"}}
[2024-01-27T17:58:46.496+0000] {taskinstance.py:1406} INFO - Marking task as SUCCESS. dag_id=user_processing_dag, task_id=extract_user, execution_date=20240127T175841, start_date=20240127T175845, end_date=20240127T175846
[2024-01-27T17:58:46.527+0000] {local_task_job.py:164} INFO - Task exited with return code 0
[2024-01-27T17:58:46.549+0000] {local_task_job.py:273} INFO - 1 downstream tasks scheduled from follow-on schedule check
