[2024-01-27T15:59:20.424+0000] {taskinstance.py:1165} INFO - Dependencies all met for <TaskInstance: user_processing_dag.extract_user manual__2024-01-27T15:59:16.129820+00:00 [queued]>
[2024-01-27T15:59:20.432+0000] {taskinstance.py:1165} INFO - Dependencies all met for <TaskInstance: user_processing_dag.extract_user manual__2024-01-27T15:59:16.129820+00:00 [queued]>
[2024-01-27T15:59:20.433+0000] {taskinstance.py:1362} INFO - 
--------------------------------------------------------------------------------
[2024-01-27T15:59:20.435+0000] {taskinstance.py:1363} INFO - Starting attempt 1 of 1
[2024-01-27T15:59:20.436+0000] {taskinstance.py:1364} INFO - 
--------------------------------------------------------------------------------
[2024-01-27T15:59:20.444+0000] {taskinstance.py:1383} INFO - Executing <Task(SimpleHttpOperator): extract_user> on 2024-01-27 15:59:16.129820+00:00
[2024-01-27T15:59:20.448+0000] {standard_task_runner.py:55} INFO - Started process 6163 to run task
[2024-01-27T15:59:20.451+0000] {standard_task_runner.py:82} INFO - Running: ['***', 'tasks', 'run', 'user_processing_dag', 'extract_user', 'manual__2024-01-27T15:59:16.129820+00:00', '--job-id', '22', '--raw', '--subdir', 'DAGS_FOLDER/user_processing_dag.py', '--cfg-path', '/tmp/tmpilwyelga']
[2024-01-27T15:59:20.454+0000] {standard_task_runner.py:83} INFO - Job 22: Subtask extract_user
[2024-01-27T15:59:20.503+0000] {task_command.py:376} INFO - Running <TaskInstance: user_processing_dag.extract_user manual__2024-01-27T15:59:16.129820+00:00 [running]> on host 0c5b25b371b7
[2024-01-27T15:59:20.547+0000] {taskinstance.py:1592} INFO - Exporting the following env vars:
AIRFLOW_CTX_DAG_OWNER=***
AIRFLOW_CTX_DAG_ID=user_processing_dag
AIRFLOW_CTX_TASK_ID=extract_user
AIRFLOW_CTX_EXECUTION_DATE=2024-01-27T15:59:16.129820+00:00
AIRFLOW_CTX_TRY_NUMBER=1
AIRFLOW_CTX_DAG_RUN_ID=manual__2024-01-27T15:59:16.129820+00:00
[2024-01-27T15:59:20.549+0000] {http.py:121} INFO - Calling HTTP method
[2024-01-27T15:59:20.556+0000] {base.py:71} INFO - Using connection ID 'user_api' for task execution.
[2024-01-27T15:59:20.559+0000] {http.py:148} INFO - Sending 'GET' to url: https://randomuser.me/api/
[2024-01-27T15:59:21.254+0000] {http.py:125} INFO - {"results":[{"gender":"male","name":{"title":"Mr","first":"Darryl","last":"Butler"},"location":{"street":{"number":2208,"name":"Cork Street"},"city":"Sligo","state":"Monaghan","country":"Ireland","postcode":98137,"coordinates":{"latitude":"2.4509","longitude":"-175.9275"},"timezone":{"offset":"+9:00","description":"Tokyo, Seoul, Osaka, Sapporo, Yakutsk"}},"email":"darryl.butler@example.com","login":{"uuid":"31e31dbf-24e3-4694-b965-1e186a19a842","username":"greengoose171","password":"marble","salt":"ir4nyKqm","md5":"8da235c3b1e419a2ad9fdffb88972148","sha1":"a8704ebdc6195b06cb169330ede81fc19cee59e2","sha256":"c41a1952aee4557ca93c668a9e592111fb37d660607782222a45b62b0478acb9"},"dob":{"date":"1995-04-21T08:23:26.544Z","age":28},"registered":{"date":"2004-01-12T15:12:00.667Z","age":20},"phone":"031-606-6531","cell":"081-489-6139","id":{"name":"PPS","value":"2868927T"},"picture":{"large":"https://randomuser.me/api/portraits/men/51.jpg","medium":"https://randomuser.me/api/portraits/med/men/51.jpg","thumbnail":"https://randomuser.me/api/portraits/thumb/men/51.jpg"},"nat":"IE"}],"info":{"seed":"5300257bc4630047","results":1,"page":1,"version":"1.4"}}
[2024-01-27T15:59:21.272+0000] {taskinstance.py:1406} INFO - Marking task as SUCCESS. dag_id=user_processing_dag, task_id=extract_user, execution_date=20240127T155916, start_date=20240127T155920, end_date=20240127T155921
[2024-01-27T15:59:21.300+0000] {local_task_job.py:164} INFO - Task exited with return code 0
[2024-01-27T15:59:21.322+0000] {local_task_job.py:273} INFO - 1 downstream tasks scheduled from follow-on schedule check
