[2024-01-27T15:59:18.194+0000] {taskinstance.py:1165} INFO - Dependencies all met for <TaskInstance: user_processing_dag.is_api_available manual__2024-01-27T15:59:16.129820+00:00 [queued]>
[2024-01-27T15:59:18.202+0000] {taskinstance.py:1165} INFO - Dependencies all met for <TaskInstance: user_processing_dag.is_api_available manual__2024-01-27T15:59:16.129820+00:00 [queued]>
[2024-01-27T15:59:18.203+0000] {taskinstance.py:1362} INFO - 
--------------------------------------------------------------------------------
[2024-01-27T15:59:18.205+0000] {taskinstance.py:1363} INFO - Starting attempt 1 of 1
[2024-01-27T15:59:18.206+0000] {taskinstance.py:1364} INFO - 
--------------------------------------------------------------------------------
[2024-01-27T15:59:18.214+0000] {taskinstance.py:1383} INFO - Executing <Task(HttpSensor): is_api_available> on 2024-01-27 15:59:16.129820+00:00
[2024-01-27T15:59:18.219+0000] {standard_task_runner.py:55} INFO - Started process 6160 to run task
[2024-01-27T15:59:18.222+0000] {standard_task_runner.py:82} INFO - Running: ['***', 'tasks', 'run', 'user_processing_dag', 'is_api_available', 'manual__2024-01-27T15:59:16.129820+00:00', '--job-id', '21', '--raw', '--subdir', 'DAGS_FOLDER/user_processing_dag.py', '--cfg-path', '/tmp/tmp_v4v20q1']
[2024-01-27T15:59:18.224+0000] {standard_task_runner.py:83} INFO - Job 21: Subtask is_api_available
[2024-01-27T15:59:18.272+0000] {task_command.py:376} INFO - Running <TaskInstance: user_processing_dag.is_api_available manual__2024-01-27T15:59:16.129820+00:00 [running]> on host 0c5b25b371b7
[2024-01-27T15:59:18.318+0000] {taskinstance.py:1592} INFO - Exporting the following env vars:
AIRFLOW_CTX_DAG_OWNER=***
AIRFLOW_CTX_DAG_ID=user_processing_dag
AIRFLOW_CTX_TASK_ID=is_api_available
AIRFLOW_CTX_EXECUTION_DATE=2024-01-27T15:59:16.129820+00:00
AIRFLOW_CTX_TRY_NUMBER=1
AIRFLOW_CTX_DAG_RUN_ID=manual__2024-01-27T15:59:16.129820+00:00
[2024-01-27T15:59:18.320+0000] {http.py:120} INFO - Poking: api/
[2024-01-27T15:59:18.328+0000] {base.py:71} INFO - Using connection ID 'user_api' for task execution.
[2024-01-27T15:59:18.330+0000] {http.py:148} INFO - Sending 'GET' to url: https://randomuser.me/api/
[2024-01-27T15:59:19.125+0000] {base.py:213} INFO - Success criteria met. Exiting.
[2024-01-27T15:59:19.135+0000] {taskinstance.py:1406} INFO - Marking task as SUCCESS. dag_id=user_processing_dag, task_id=is_api_available, execution_date=20240127T155916, start_date=20240127T155918, end_date=20240127T155919
[2024-01-27T15:59:19.182+0000] {local_task_job.py:164} INFO - Task exited with return code 0
[2024-01-27T15:59:19.208+0000] {local_task_job.py:273} INFO - 1 downstream tasks scheduled from follow-on schedule check
