[2024-01-27T15:08:42.587+0000] {taskinstance.py:1165} INFO - Dependencies all met for <TaskInstance: user_processing_dag.is_api_available manual__2024-01-27T15:08:41.371357+00:00 [queued]>
[2024-01-27T15:08:42.595+0000] {taskinstance.py:1165} INFO - Dependencies all met for <TaskInstance: user_processing_dag.is_api_available manual__2024-01-27T15:08:41.371357+00:00 [queued]>
[2024-01-27T15:08:42.597+0000] {taskinstance.py:1362} INFO - 
--------------------------------------------------------------------------------
[2024-01-27T15:08:42.598+0000] {taskinstance.py:1363} INFO - Starting attempt 1 of 1
[2024-01-27T15:08:42.599+0000] {taskinstance.py:1364} INFO - 
--------------------------------------------------------------------------------
[2024-01-27T15:08:42.610+0000] {taskinstance.py:1383} INFO - Executing <Task(HttpSensor): is_api_available> on 2024-01-27 15:08:41.371357+00:00
[2024-01-27T15:08:42.617+0000] {standard_task_runner.py:55} INFO - Started process 3661 to run task
[2024-01-27T15:08:42.622+0000] {standard_task_runner.py:82} INFO - Running: ['***', 'tasks', 'run', 'user_processing_dag', 'is_api_available', 'manual__2024-01-27T15:08:41.371357+00:00', '--job-id', '13', '--raw', '--subdir', 'DAGS_FOLDER/user_processing_dag.py', '--cfg-path', '/tmp/tmpmtbz4wwp']
[2024-01-27T15:08:42.624+0000] {standard_task_runner.py:83} INFO - Job 13: Subtask is_api_available
[2024-01-27T15:08:42.690+0000] {task_command.py:376} INFO - Running <TaskInstance: user_processing_dag.is_api_available manual__2024-01-27T15:08:41.371357+00:00 [running]> on host 0c5b25b371b7
[2024-01-27T15:08:42.764+0000] {taskinstance.py:1592} INFO - Exporting the following env vars:
AIRFLOW_CTX_DAG_OWNER=***
AIRFLOW_CTX_DAG_ID=user_processing_dag
AIRFLOW_CTX_TASK_ID=is_api_available
AIRFLOW_CTX_EXECUTION_DATE=2024-01-27T15:08:41.371357+00:00
AIRFLOW_CTX_TRY_NUMBER=1
AIRFLOW_CTX_DAG_RUN_ID=manual__2024-01-27T15:08:41.371357+00:00
[2024-01-27T15:08:42.767+0000] {http.py:120} INFO - Poking: api/
[2024-01-27T15:08:42.779+0000] {base.py:71} INFO - Using connection ID 'user_api' for task execution.
[2024-01-27T15:08:42.788+0000] {http.py:148} INFO - Sending 'GET' to url: https://randomuser.me/api/
[2024-01-27T15:08:44.070+0000] {base.py:213} INFO - Success criteria met. Exiting.
[2024-01-27T15:08:44.084+0000] {taskinstance.py:1406} INFO - Marking task as SUCCESS. dag_id=user_processing_dag, task_id=is_api_available, execution_date=20240127T150841, start_date=20240127T150842, end_date=20240127T150844
[2024-01-27T15:08:44.137+0000] {local_task_job.py:164} INFO - Task exited with return code 0
[2024-01-27T15:08:44.167+0000] {local_task_job.py:273} INFO - 0 downstream tasks scheduled from follow-on schedule check
