[2024-01-27T17:56:52.659+0000] {taskinstance.py:1165} INFO - Dependencies all met for <TaskInstance: user_processing_dag.create_table manual__2024-01-27T17:56:51.491578+00:00 [queued]>
[2024-01-27T17:56:52.666+0000] {taskinstance.py:1165} INFO - Dependencies all met for <TaskInstance: user_processing_dag.create_table manual__2024-01-27T17:56:51.491578+00:00 [queued]>
[2024-01-27T17:56:52.667+0000] {taskinstance.py:1362} INFO - 
--------------------------------------------------------------------------------
[2024-01-27T17:56:52.668+0000] {taskinstance.py:1363} INFO - Starting attempt 1 of 1
[2024-01-27T17:56:52.669+0000] {taskinstance.py:1364} INFO - 
--------------------------------------------------------------------------------
[2024-01-27T17:56:52.679+0000] {taskinstance.py:1383} INFO - Executing <Task(PostgresOperator): create_table> on 2024-01-27 17:56:51.491578+00:00
[2024-01-27T17:56:52.686+0000] {standard_task_runner.py:55} INFO - Started process 7780 to run task
[2024-01-27T17:56:52.690+0000] {standard_task_runner.py:82} INFO - Running: ['***', 'tasks', 'run', 'user_processing_dag', 'create_table', 'manual__2024-01-27T17:56:51.491578+00:00', '--job-id', '32', '--raw', '--subdir', 'DAGS_FOLDER/user_processing_dag.py', '--cfg-path', '/tmp/tmpc03xaw4e']
[2024-01-27T17:56:52.692+0000] {standard_task_runner.py:83} INFO - Job 32: Subtask create_table
[2024-01-27T17:56:52.747+0000] {task_command.py:376} INFO - Running <TaskInstance: user_processing_dag.create_table manual__2024-01-27T17:56:51.491578+00:00 [running]> on host 0c5b25b371b7
[2024-01-27T17:56:52.798+0000] {taskinstance.py:1592} INFO - Exporting the following env vars:
AIRFLOW_CTX_DAG_OWNER=***
AIRFLOW_CTX_DAG_ID=user_processing_dag
AIRFLOW_CTX_TASK_ID=create_table
AIRFLOW_CTX_EXECUTION_DATE=2024-01-27T17:56:51.491578+00:00
AIRFLOW_CTX_TRY_NUMBER=1
AIRFLOW_CTX_DAG_RUN_ID=manual__2024-01-27T17:56:51.491578+00:00
[2024-01-27T17:56:52.815+0000] {base.py:71} INFO - Using connection ID 'postgres' for task execution.
[2024-01-27T17:56:52.819+0000] {sql.py:315} INFO - Running statement: 
        CREATE TABLE IF NOT EXISTS users(
            firstname TEXT NOT NULL,
            lastname TEXT NOT NULL,
            countryname TEXT NOT NULL,
            username TEXT NOT NULL,
            password TEXT NOT NULL,
            email TEXT NOT NULL

        );
    , parameters: None
[2024-01-27T17:56:52.821+0000] {postgres.py:96} INFO - NOTICE:  relation "users" already exists, skipping

[2024-01-27T17:56:52.831+0000] {taskinstance.py:1406} INFO - Marking task as SUCCESS. dag_id=user_processing_dag, task_id=create_table, execution_date=20240127T175651, start_date=20240127T175652, end_date=20240127T175652
[2024-01-27T17:56:52.866+0000] {local_task_job.py:164} INFO - Task exited with return code 0
[2024-01-27T17:56:52.894+0000] {local_task_job.py:273} INFO - 1 downstream tasks scheduled from follow-on schedule check
